<?xml version="1.0" encoding="UTF-8"?>
<!-- Generated by org.testng.reporters.JUnitReportReporter -->
<testsuite skipped="0" hostname="Abhinav-PC" name="com.crm.testcases.SignUpPageTest" tests="1" failures="0" timestamp="30 Jan 2018 06:19:14 GMT" time="18.981" errors="0">
  <testcase name="signUpValidation" time="18.981" classname="com.crm.testcases.SignUpPageTest"/>
</testsuite> <!-- com.crm.testcases.SignUpPageTest -->
