<?xml version="1.0" encoding="UTF-8"?>
<!-- Generated by org.testng.reporters.JUnitReportReporter -->
<testsuite skipped="0" hostname="Abhinav-PC" name="com.crm.testcases.LoginPageTest" tests="3" failures="0" timestamp="28 Jan 2018 08:35:57 GMT" time="81.161" errors="0">
  <testcase name="loginPageTitleTest" time="36.509" classname="com.crm.testcases.LoginPageTest"/>
  <testcase name="loginPageLogoTest" time="17.423" classname="com.crm.testcases.LoginPageTest"/>
  <testcase name="loginTest" time="27.229" classname="com.crm.testcases.LoginPageTest"/>
</testsuite> <!-- com.crm.testcases.LoginPageTest -->
