<?xml version="1.0" encoding="UTF-8"?>
<!-- Generated by org.testng.reporters.JUnitReportReporter -->
<testsuite skipped="0" hostname="Abhinav-PC" name="com.crm.testcases.SignUpPageTest" tests="1" failures="0" timestamp="28 Jan 2018 12:47:34 GMT" time="22.405" errors="0">
  <testcase name="signUpValidation" time="22.405" classname="com.crm.testcases.SignUpPageTest"/>
</testsuite> <!-- com.crm.testcases.SignUpPageTest -->
